<?xml version="1.0" encoding="UTF-8"?>
<testsuite name="com.kodilla.stream.array.ArrayOperationsTestSuite" tests="1" skipped="0" failures="0" errors="0" timestamp="2020-04-29T19:28:01" hostname="Fordon" time="0.007">
  <properties/>
  <testcase name="testGetAverage" classname="com.kodilla.stream.array.ArrayOperationsTestSuite" time="0.007"/>
  <system-out><![CDATA[2 4 5 2 3 4 5 7 2 3 3 4 5 8 3 2 3 1 7 3 ]]></system-out>
  <system-err><![CDATA[]]></system-err>
</testsuite>
