<?xml version="1.0" encoding="UTF-8"?>
<testsuite name="com.kodilla.spring.ForumUserTestSuite" tests="1" skipped="0" failures="0" errors="0" timestamp="2020-04-29T19:26:20" hostname="Fordon" time="0.059">
  <properties/>
  <testcase name="testGetUsername" classname="com.kodilla.spring.ForumUserTestSuite" time="0.059"/>
  <system-out><![CDATA[2020-04-29 21:26:20.057  INFO 5636 --- [    Test worker] .b.t.c.SpringBootTestContextBootstrapper : Neither @ContextConfiguration nor @ContextHierarchy found for test class [com.kodilla.spring.ForumUserTestSuite], using SpringBootContextLoader
2020-04-29 21:26:20.057  INFO 5636 --- [    Test worker] o.s.t.c.support.AbstractContextLoader    : Could not detect default resource locations for test class [com.kodilla.spring.ForumUserTestSuite]: no resource found for suffixes {-context.xml, Context.groovy}.
2020-04-29 21:26:20.057  INFO 5636 --- [    Test worker] t.c.s.AnnotationConfigContextLoaderUtils : Could not detect default configuration classes for test class [com.kodilla.spring.ForumUserTestSuite]: ForumUserTestSuite does not declare any static, non-private, non-final, nested classes annotated with @Configuration.
2020-04-29 21:26:20.065  INFO 5636 --- [    Test worker] .b.t.c.SpringBootTestContextBootstrapper : Found @SpringBootConfiguration com.kodilla.spring.SpringRunner for test class com.kodilla.spring.ForumUserTestSuite
2020-04-29 21:26:20.067  INFO 5636 --- [    Test worker] .b.t.c.SpringBootTestContextBootstrapper : Loaded default TestExecutionListener class names from location [META-INF/spring.factories]: [org.springframework.boot.test.autoconfigure.restdocs.RestDocsTestExecutionListener, org.springframework.boot.test.autoconfigure.web.client.MockRestServiceServerResetTestExecutionListener, org.springframework.boot.test.autoconfigure.web.servlet.MockMvcPrintOnlyOnFailureTestExecutionListener, org.springframework.boot.test.autoconfigure.web.servlet.WebDriverTestExecutionListener, org.springframework.boot.test.mock.mockito.MockitoTestExecutionListener, org.springframework.boot.test.mock.mockito.ResetMocksTestExecutionListener, org.springframework.test.context.web.ServletTestExecutionListener, org.springframework.test.context.support.DirtiesContextBeforeModesTestExecutionListener, org.springframework.test.context.support.DependencyInjectionTestExecutionListener, org.springframework.test.context.support.DirtiesContextTestExecutionListener, org.springframework.test.context.transaction.TransactionalTestExecutionListener, org.springframework.test.context.jdbc.SqlScriptsTestExecutionListener, org.springframework.test.context.event.EventPublishingTestExecutionListener]
2020-04-29 21:26:20.067  INFO 5636 --- [    Test worker] .b.t.c.SpringBootTestContextBootstrapper : Using TestExecutionListeners: [org.springframework.test.context.support.DirtiesContextBeforeModesTestExecutionListener@7e8ec3ed, org.springframework.boot.test.mock.mockito.MockitoTestExecutionListener@71d4d6bf, org.springframework.boot.test.autoconfigure.SpringBootDependencyInjectionTestExecutionListener@42b2f733, org.springframework.test.context.support.DirtiesContextTestExecutionListener@34e1b560, org.springframework.test.context.event.EventPublishingTestExecutionListener@3c7899ba, org.springframework.boot.test.autoconfigure.restdocs.RestDocsTestExecutionListener@6bcec1a4, org.springframework.boot.test.autoconfigure.web.client.MockRestServiceServerResetTestExecutionListener@3e90a881, org.springframework.boot.test.autoconfigure.web.servlet.MockMvcPrintOnlyOnFailureTestExecutionListener@7635086, org.springframework.boot.test.autoconfigure.web.servlet.WebDriverTestExecutionListener@7faebc99, org.springframework.boot.test.mock.mockito.ResetMocksTestExecutionListener@62708129]
]]></system-out>
  <system-err><![CDATA[]]></system-err>
</testsuite>
