<?xml version="1.0" encoding="UTF-8"?>
<testsuite name="com.kodilla.spring.portfolio.BoardTestSuite" tests="2" skipped="0" failures="0" errors="0" timestamp="2020-04-29T19:26:20" hostname="Fordon" time="0.101">
  <properties/>
  <testcase name="testTaskAdd" classname="com.kodilla.spring.portfolio.BoardTestSuite" time="0.051"/>
  <testcase name="testList" classname="com.kodilla.spring.portfolio.BoardTestSuite" time="0.049"/>
  <system-out><![CDATA[2020-04-29 21:26:20.306  INFO 5636 --- [    Test worker] .b.t.c.SpringBootTestContextBootstrapper : Neither @ContextConfiguration nor @ContextHierarchy found for test class [com.kodilla.spring.portfolio.BoardTestSuite], using SpringBootContextLoader
2020-04-29 21:26:20.306  INFO 5636 --- [    Test worker] o.s.t.c.support.AbstractContextLoader    : Could not detect default resource locations for test class [com.kodilla.spring.portfolio.BoardTestSuite]: no resource found for suffixes {-context.xml, Context.groovy}.
2020-04-29 21:26:20.306  INFO 5636 --- [    Test worker] t.c.s.AnnotationConfigContextLoaderUtils : Could not detect default configuration classes for test class [com.kodilla.spring.portfolio.BoardTestSuite]: BoardTestSuite does not declare any static, non-private, non-final, nested classes annotated with @Configuration.
2020-04-29 21:26:20.309  INFO 5636 --- [    Test worker] .b.t.c.SpringBootTestContextBootstrapper : Found @SpringBootConfiguration com.kodilla.spring.SpringRunner for test class com.kodilla.spring.portfolio.BoardTestSuite
2020-04-29 21:26:20.309  INFO 5636 --- [    Test worker] .b.t.c.SpringBootTestContextBootstrapper : Loaded default TestExecutionListener class names from location [META-INF/spring.factories]: [org.springframework.boot.test.autoconfigure.restdocs.RestDocsTestExecutionListener, org.springframework.boot.test.autoconfigure.web.client.MockRestServiceServerResetTestExecutionListener, org.springframework.boot.test.autoconfigure.web.servlet.MockMvcPrintOnlyOnFailureTestExecutionListener, org.springframework.boot.test.autoconfigure.web.servlet.WebDriverTestExecutionListener, org.springframework.boot.test.mock.mockito.MockitoTestExecutionListener, org.springframework.boot.test.mock.mockito.ResetMocksTestExecutionListener, org.springframework.test.context.web.ServletTestExecutionListener, org.springframework.test.context.support.DirtiesContextBeforeModesTestExecutionListener, org.springframework.test.context.support.DependencyInjectionTestExecutionListener, org.springframework.test.context.support.DirtiesContextTestExecutionListener, org.springframework.test.context.transaction.TransactionalTestExecutionListener, org.springframework.test.context.jdbc.SqlScriptsTestExecutionListener, org.springframework.test.context.event.EventPublishingTestExecutionListener]
2020-04-29 21:26:20.309  INFO 5636 --- [    Test worker] .b.t.c.SpringBootTestContextBootstrapper : Using TestExecutionListeners: [org.springframework.test.context.support.DirtiesContextBeforeModesTestExecutionListener@5bb9316c, org.springframework.boot.test.mock.mockito.MockitoTestExecutionListener@6ff6334c, org.springframework.boot.test.autoconfigure.SpringBootDependencyInjectionTestExecutionListener@438a4a1, org.springframework.test.context.support.DirtiesContextTestExecutionListener@1425604, org.springframework.test.context.event.EventPublishingTestExecutionListener@13622511, org.springframework.boot.test.autoconfigure.restdocs.RestDocsTestExecutionListener@4dd00862, org.springframework.boot.test.autoconfigure.web.client.MockRestServiceServerResetTestExecutionListener@c0cb0d5, org.springframework.boot.test.autoconfigure.web.servlet.MockMvcPrintOnlyOnFailureTestExecutionListener@1f6d2526, org.springframework.boot.test.autoconfigure.web.servlet.WebDriverTestExecutionListener@1da5c177, org.springframework.boot.test.mock.mockito.ResetMocksTestExecutionListener@50fb59b9]
]]></system-out>
  <system-err><![CDATA[]]></system-err>
</testsuite>
