<?xml version="1.0" encoding="UTF-8"?>
<testsuite name="com.kodilla.testing.forum.statistics.AdvStatisticsCalculateTest" tests="3" skipped="0" failures="0" errors="0" timestamp="2020-02-23T15:10:05" hostname="Fordon" time="0.285">
  <properties/>
  <testcase name="advStatisticsCalculateTestWith1000Users" classname="com.kodilla.testing.forum.statistics.AdvStatisticsCalculateTest" time="0.282"/>
  <testcase name="advStatisticsCalculateTestWith100Users" classname="com.kodilla.testing.forum.statistics.AdvStatisticsCalculateTest" time="0.001"/>
  <testcase name="advStatisticsCalculateTestWithZeroMock" classname="com.kodilla.testing.forum.statistics.AdvStatisticsCalculateTest" time="0.001"/>
  <system-out><![CDATA[]]></system-out>
  <system-err><![CDATA[]]></system-err>
</testsuite>
