<?xml version="1.0" encoding="UTF-8"?>
<testsuite name="com.kodilla.hibernate.task.dao.TaskFinancialDetailsDaoTestSuite" tests="1" skipped="0" failures="0" errors="0" timestamp="2020-07-09T20:15:57" hostname="Fordon" time="0.011">
  <properties/>
  <testcase name="testFindByPaid" classname="com.kodilla.hibernate.task.dao.TaskFinancialDetailsDaoTestSuite" time="0.011"/>
  <system-out><![CDATA[2020-07-09 22:15:57.795  INFO 4860 --- [    Test worker] .b.t.c.SpringBootTestContextBootstrapper : Neither @ContextConfiguration nor @ContextHierarchy found for test class [com.kodilla.hibernate.task.dao.TaskFinancialDetailsDaoTestSuite], using SpringBootContextLoader
2020-07-09 22:15:57.795  INFO 4860 --- [    Test worker] o.s.t.c.support.AbstractContextLoader    : Could not detect default resource locations for test class [com.kodilla.hibernate.task.dao.TaskFinancialDetailsDaoTestSuite]: no resource found for suffixes {-context.xml, Context.groovy}.
2020-07-09 22:15:57.795  INFO 4860 --- [    Test worker] t.c.s.AnnotationConfigContextLoaderUtils : Could not detect default configuration classes for test class [com.kodilla.hibernate.task.dao.TaskFinancialDetailsDaoTestSuite]: TaskFinancialDetailsDaoTestSuite does not declare any static, non-private, non-final, nested classes annotated with @Configuration.
2020-07-09 22:15:57.795  INFO 4860 --- [    Test worker] .b.t.c.SpringBootTestContextBootstrapper : Found @SpringBootConfiguration com.kodilla.hibernate.KodillaHibernateApplication for test class com.kodilla.hibernate.task.dao.TaskFinancialDetailsDaoTestSuite
2020-07-09 22:15:57.795  INFO 4860 --- [    Test worker] .b.t.c.SpringBootTestContextBootstrapper : Loaded default TestExecutionListener class names from location [META-INF/spring.factories]: [org.springframework.boot.test.autoconfigure.restdocs.RestDocsTestExecutionListener, org.springframework.boot.test.autoconfigure.web.client.MockRestServiceServerResetTestExecutionListener, org.springframework.boot.test.autoconfigure.web.servlet.MockMvcPrintOnlyOnFailureTestExecutionListener, org.springframework.boot.test.autoconfigure.web.servlet.WebDriverTestExecutionListener, org.springframework.boot.test.mock.mockito.MockitoTestExecutionListener, org.springframework.boot.test.mock.mockito.ResetMocksTestExecutionListener, org.springframework.test.context.web.ServletTestExecutionListener, org.springframework.test.context.support.DirtiesContextBeforeModesTestExecutionListener, org.springframework.test.context.support.DependencyInjectionTestExecutionListener, org.springframework.test.context.support.DirtiesContextTestExecutionListener, org.springframework.test.context.transaction.TransactionalTestExecutionListener, org.springframework.test.context.jdbc.SqlScriptsTestExecutionListener, org.springframework.test.context.event.EventPublishingTestExecutionListener]
2020-07-09 22:15:57.795  INFO 4860 --- [    Test worker] .b.t.c.SpringBootTestContextBootstrapper : Using TestExecutionListeners: [org.springframework.test.context.support.DirtiesContextBeforeModesTestExecutionListener@dba83a7, org.springframework.boot.test.mock.mockito.MockitoTestExecutionListener@3b6f6eea, org.springframework.boot.test.autoconfigure.SpringBootDependencyInjectionTestExecutionListener@3cd3cb3d, org.springframework.test.context.support.DirtiesContextTestExecutionListener@745f6477, org.springframework.test.context.transaction.TransactionalTestExecutionListener@2da166e0, org.springframework.test.context.jdbc.SqlScriptsTestExecutionListener@6d795580, org.springframework.test.context.event.EventPublishingTestExecutionListener@4fd1f131, org.springframework.boot.test.autoconfigure.restdocs.RestDocsTestExecutionListener@40a25860, org.springframework.boot.test.autoconfigure.web.client.MockRestServiceServerResetTestExecutionListener@6692a0f2, org.springframework.boot.test.autoconfigure.web.servlet.MockMvcPrintOnlyOnFailureTestExecutionListener@41e03cf5, org.springframework.boot.test.autoconfigure.web.servlet.WebDriverTestExecutionListener@1781581, org.springframework.boot.test.mock.mockito.ResetMocksTestExecutionListener@534b3c96]
Hibernate: select next_val as id_val from hibernate_sequence for update
Hibernate: update hibernate_sequence set next_val= ? where next_val=?
Hibernate: insert into task_financial (paid, price, id) values (?, ?, ?)
Hibernate: select taskfinanc0_.id as id1_6_, taskfinanc0_.paid as paid2_6_, taskfinanc0_.price as price3_6_ from task_financial taskfinanc0_ where taskfinanc0_.paid=?
Hibernate: select taskfinanc0_.id as id1_6_0_, taskfinanc0_.paid as paid2_6_0_, taskfinanc0_.price as price3_6_0_ from task_financial taskfinanc0_ where taskfinanc0_.id=?
Hibernate: delete from task_financial where id=?
]]></system-out>
  <system-err><![CDATA[]]></system-err>
</testsuite>
