<?xml version="1.0" encoding="UTF-8"?>
<testsuite name="com.kodilla.hibernate.task.dao.TaskDaoTestSuite" tests="3" skipped="0" failures="0" errors="0" timestamp="2020-07-09T20:15:57" hostname="Fordon" time="0.039">
  <properties/>
  <testcase name="testTaskDaoFindByDuration" classname="com.kodilla.hibernate.task.dao.TaskDaoTestSuite" time="0.016"/>
  <testcase name="testTaskDaoSave" classname="com.kodilla.hibernate.task.dao.TaskDaoTestSuite" time="0.01"/>
  <testcase name="testTaskDaoSaveWithFinancialDetails" classname="com.kodilla.hibernate.task.dao.TaskDaoTestSuite" time="0.012"/>
  <system-out><![CDATA[2020-07-09 22:15:57.745  INFO 4860 --- [    Test worker] .b.t.c.SpringBootTestContextBootstrapper : Neither @ContextConfiguration nor @ContextHierarchy found for test class [com.kodilla.hibernate.task.dao.TaskDaoTestSuite], using SpringBootContextLoader
2020-07-09 22:15:57.745  INFO 4860 --- [    Test worker] o.s.t.c.support.AbstractContextLoader    : Could not detect default resource locations for test class [com.kodilla.hibernate.task.dao.TaskDaoTestSuite]: no resource found for suffixes {-context.xml, Context.groovy}.
2020-07-09 22:15:57.745  INFO 4860 --- [    Test worker] t.c.s.AnnotationConfigContextLoaderUtils : Could not detect default configuration classes for test class [com.kodilla.hibernate.task.dao.TaskDaoTestSuite]: TaskDaoTestSuite does not declare any static, non-private, non-final, nested classes annotated with @Configuration.
2020-07-09 22:15:57.755  INFO 4860 --- [    Test worker] .b.t.c.SpringBootTestContextBootstrapper : Found @SpringBootConfiguration com.kodilla.hibernate.KodillaHibernateApplication for test class com.kodilla.hibernate.task.dao.TaskDaoTestSuite
2020-07-09 22:15:57.755  INFO 4860 --- [    Test worker] .b.t.c.SpringBootTestContextBootstrapper : Loaded default TestExecutionListener class names from location [META-INF/spring.factories]: [org.springframework.boot.test.autoconfigure.restdocs.RestDocsTestExecutionListener, org.springframework.boot.test.autoconfigure.web.client.MockRestServiceServerResetTestExecutionListener, org.springframework.boot.test.autoconfigure.web.servlet.MockMvcPrintOnlyOnFailureTestExecutionListener, org.springframework.boot.test.autoconfigure.web.servlet.WebDriverTestExecutionListener, org.springframework.boot.test.mock.mockito.MockitoTestExecutionListener, org.springframework.boot.test.mock.mockito.ResetMocksTestExecutionListener, org.springframework.test.context.web.ServletTestExecutionListener, org.springframework.test.context.support.DirtiesContextBeforeModesTestExecutionListener, org.springframework.test.context.support.DependencyInjectionTestExecutionListener, org.springframework.test.context.support.DirtiesContextTestExecutionListener, org.springframework.test.context.transaction.TransactionalTestExecutionListener, org.springframework.test.context.jdbc.SqlScriptsTestExecutionListener, org.springframework.test.context.event.EventPublishingTestExecutionListener]
2020-07-09 22:15:57.755  INFO 4860 --- [    Test worker] .b.t.c.SpringBootTestContextBootstrapper : Using TestExecutionListeners: [org.springframework.test.context.support.DirtiesContextBeforeModesTestExecutionListener@29e64717, org.springframework.boot.test.mock.mockito.MockitoTestExecutionListener@4354bfa4, org.springframework.boot.test.autoconfigure.SpringBootDependencyInjectionTestExecutionListener@21f602d8, org.springframework.test.context.support.DirtiesContextTestExecutionListener@2cca50c0, org.springframework.test.context.transaction.TransactionalTestExecutionListener@378f74b1, org.springframework.test.context.jdbc.SqlScriptsTestExecutionListener@51c0547b, org.springframework.test.context.event.EventPublishingTestExecutionListener@40b17c59, org.springframework.boot.test.autoconfigure.restdocs.RestDocsTestExecutionListener@3e8378df, org.springframework.boot.test.autoconfigure.web.client.MockRestServiceServerResetTestExecutionListener@7265b942, org.springframework.boot.test.autoconfigure.web.servlet.MockMvcPrintOnlyOnFailureTestExecutionListener@215558f9, org.springframework.boot.test.autoconfigure.web.servlet.WebDriverTestExecutionListener@6a4dbb3e, org.springframework.boot.test.mock.mockito.ResetMocksTestExecutionListener@4fad7328]
Hibernate: select next_val as id_val from hibernate_sequence for update
Hibernate: update hibernate_sequence set next_val= ? where next_val=?
Hibernate: insert into tasks (created, description, duration, tasks_financiali_id, tasklist_id, id) values (?, ?, ?, ?, ?, ?)
Hibernate: select task0_.id as id1_8_, task0_.created as created2_8_, task0_.description as descript3_8_, task0_.duration as duration4_8_, task0_.tasks_financiali_id as tasks_fi5_8_, task0_.tasklist_id as tasklist6_8_ from tasks task0_ where task0_.duration=?
Hibernate: select task0_.id as id1_8_0_, task0_.created as created2_8_0_, task0_.description as descript3_8_0_, task0_.duration as duration4_8_0_, task0_.tasks_financiali_id as tasks_fi5_8_0_, task0_.tasklist_id as tasklist6_8_0_, taskfinanc1_.id as id1_6_1_, taskfinanc1_.paid as paid2_6_1_, taskfinanc1_.price as price3_6_1_, tasklist2_.id as id1_7_2_, tasklist2_.description as descript2_7_2_, tasklist2_.listname as listname3_7_2_ from tasks task0_ left outer join task_financial taskfinanc1_ on task0_.tasks_financiali_id=taskfinanc1_.id left outer join tasklist tasklist2_ on task0_.tasklist_id=tasklist2_.id where task0_.id=?
Hibernate: delete from tasks where id=?
Hibernate: select next_val as id_val from hibernate_sequence for update
Hibernate: update hibernate_sequence set next_val= ? where next_val=?
Hibernate: insert into tasks (created, description, duration, tasks_financiali_id, tasklist_id, id) values (?, ?, ?, ?, ?, ?)
Hibernate: select task0_.id as id1_8_0_, task0_.created as created2_8_0_, task0_.description as descript3_8_0_, task0_.duration as duration4_8_0_, task0_.tasks_financiali_id as tasks_fi5_8_0_, task0_.tasklist_id as tasklist6_8_0_, taskfinanc1_.id as id1_6_1_, taskfinanc1_.paid as paid2_6_1_, taskfinanc1_.price as price3_6_1_, tasklist2_.id as id1_7_2_, tasklist2_.description as descript2_7_2_, tasklist2_.listname as listname3_7_2_ from tasks task0_ left outer join task_financial taskfinanc1_ on task0_.tasks_financiali_id=taskfinanc1_.id left outer join tasklist tasklist2_ on task0_.tasklist_id=tasklist2_.id where task0_.id=?
Hibernate: select task0_.id as id1_8_0_, task0_.created as created2_8_0_, task0_.description as descript3_8_0_, task0_.duration as duration4_8_0_, task0_.tasks_financiali_id as tasks_fi5_8_0_, task0_.tasklist_id as tasklist6_8_0_, taskfinanc1_.id as id1_6_1_, taskfinanc1_.paid as paid2_6_1_, taskfinanc1_.price as price3_6_1_, tasklist2_.id as id1_7_2_, tasklist2_.description as descript2_7_2_, tasklist2_.listname as listname3_7_2_ from tasks task0_ left outer join task_financial taskfinanc1_ on task0_.tasks_financiali_id=taskfinanc1_.id left outer join tasklist tasklist2_ on task0_.tasklist_id=tasklist2_.id where task0_.id=?
Hibernate: delete from tasks where id=?
Hibernate: select next_val as id_val from hibernate_sequence for update
Hibernate: update hibernate_sequence set next_val= ? where next_val=?
Hibernate: select next_val as id_val from hibernate_sequence for update
Hibernate: update hibernate_sequence set next_val= ? where next_val=?
Hibernate: insert into task_financial (paid, price, id) values (?, ?, ?)
Hibernate: insert into tasks (created, description, duration, tasks_financiali_id, tasklist_id, id) values (?, ?, ?, ?, ?, ?)
Hibernate: select task0_.id as id1_8_0_, task0_.created as created2_8_0_, task0_.description as descript3_8_0_, task0_.duration as duration4_8_0_, task0_.tasks_financiali_id as tasks_fi5_8_0_, task0_.tasklist_id as tasklist6_8_0_, taskfinanc1_.id as id1_6_1_, taskfinanc1_.paid as paid2_6_1_, taskfinanc1_.price as price3_6_1_, tasklist2_.id as id1_7_2_, tasklist2_.description as descript2_7_2_, tasklist2_.listname as listname3_7_2_ from tasks task0_ left outer join task_financial taskfinanc1_ on task0_.tasks_financiali_id=taskfinanc1_.id left outer join tasklist tasklist2_ on task0_.tasklist_id=tasklist2_.id where task0_.id=?
Hibernate: delete from tasks where id=?
Hibernate: delete from task_financial where id=?
]]></system-out>
  <system-err><![CDATA[]]></system-err>
</testsuite>
