<?xml version="1.0" encoding="UTF-8"?>
<testsuite name="com.kodilla.hibernate.KodillaHibernateApplicationTests" tests="1" skipped="0" failures="0" errors="0" timestamp="2020-07-09T20:15:57" hostname="Fordon" time="0.002">
  <properties/>
  <testcase name="contextLoads" classname="com.kodilla.hibernate.KodillaHibernateApplicationTests" time="0.002"/>
  <system-out><![CDATA[2020-07-09 22:15:57.604  INFO 4860 --- [    Test worker] .b.t.c.SpringBootTestContextBootstrapper : Neither @ContextConfiguration nor @ContextHierarchy found for test class [com.kodilla.hibernate.KodillaHibernateApplicationTests], using SpringBootContextLoader
2020-07-09 22:15:57.604  INFO 4860 --- [    Test worker] o.s.t.c.support.AbstractContextLoader    : Could not detect default resource locations for test class [com.kodilla.hibernate.KodillaHibernateApplicationTests]: no resource found for suffixes {-context.xml, Context.groovy}.
2020-07-09 22:15:57.604  INFO 4860 --- [    Test worker] t.c.s.AnnotationConfigContextLoaderUtils : Could not detect default configuration classes for test class [com.kodilla.hibernate.KodillaHibernateApplicationTests]: KodillaHibernateApplicationTests does not declare any static, non-private, non-final, nested classes annotated with @Configuration.
2020-07-09 22:15:57.609  INFO 4860 --- [    Test worker] .b.t.c.SpringBootTestContextBootstrapper : Found @SpringBootConfiguration com.kodilla.hibernate.KodillaHibernateApplication for test class com.kodilla.hibernate.KodillaHibernateApplicationTests
2020-07-09 22:15:57.609  INFO 4860 --- [    Test worker] .b.t.c.SpringBootTestContextBootstrapper : Loaded default TestExecutionListener class names from location [META-INF/spring.factories]: [org.springframework.boot.test.autoconfigure.restdocs.RestDocsTestExecutionListener, org.springframework.boot.test.autoconfigure.web.client.MockRestServiceServerResetTestExecutionListener, org.springframework.boot.test.autoconfigure.web.servlet.MockMvcPrintOnlyOnFailureTestExecutionListener, org.springframework.boot.test.autoconfigure.web.servlet.WebDriverTestExecutionListener, org.springframework.boot.test.mock.mockito.MockitoTestExecutionListener, org.springframework.boot.test.mock.mockito.ResetMocksTestExecutionListener, org.springframework.test.context.web.ServletTestExecutionListener, org.springframework.test.context.support.DirtiesContextBeforeModesTestExecutionListener, org.springframework.test.context.support.DependencyInjectionTestExecutionListener, org.springframework.test.context.support.DirtiesContextTestExecutionListener, org.springframework.test.context.transaction.TransactionalTestExecutionListener, org.springframework.test.context.jdbc.SqlScriptsTestExecutionListener, org.springframework.test.context.event.EventPublishingTestExecutionListener]
2020-07-09 22:15:57.609  INFO 4860 --- [    Test worker] .b.t.c.SpringBootTestContextBootstrapper : Using TestExecutionListeners: [org.springframework.test.context.support.DirtiesContextBeforeModesTestExecutionListener@22fc9837, org.springframework.boot.test.mock.mockito.MockitoTestExecutionListener@7b0a567b, org.springframework.boot.test.autoconfigure.SpringBootDependencyInjectionTestExecutionListener@110b38d, org.springframework.test.context.support.DirtiesContextTestExecutionListener@1bead077, org.springframework.test.context.transaction.TransactionalTestExecutionListener@5d11ce1d, org.springframework.test.context.jdbc.SqlScriptsTestExecutionListener@7401e24a, org.springframework.test.context.event.EventPublishingTestExecutionListener@7009bb9c, org.springframework.boot.test.autoconfigure.restdocs.RestDocsTestExecutionListener@3d2da482, org.springframework.boot.test.autoconfigure.web.client.MockRestServiceServerResetTestExecutionListener@6e1ff41c, org.springframework.boot.test.autoconfigure.web.servlet.MockMvcPrintOnlyOnFailureTestExecutionListener@15774827, org.springframework.boot.test.autoconfigure.web.servlet.WebDriverTestExecutionListener@281fd44e, org.springframework.boot.test.mock.mockito.ResetMocksTestExecutionListener@78c66c7b]
]]></system-out>
  <system-err><![CDATA[]]></system-err>
</testsuite>
