<?xml version="1.0" encoding="UTF-8"?>
<testsuite name="com.kodilla.hibernate.tasklist.dao.TaskListDaoTestSuite" tests="3" skipped="0" failures="0" errors="0" timestamp="2020-07-09T20:15:57" hostname="Fordon" time="0.073">
  <properties/>
  <testcase name="testNamedQueries" classname="com.kodilla.hibernate.tasklist.dao.TaskListDaoTestSuite" time="0.043"/>
  <testcase name="testTaskListDaoSaveWithTasks" classname="com.kodilla.hibernate.tasklist.dao.TaskListDaoTestSuite" time="0.019"/>
  <testcase name="testFindByListName" classname="com.kodilla.hibernate.tasklist.dao.TaskListDaoTestSuite" time="0.01"/>
  <system-out><![CDATA[2020-07-09 22:15:57.814  INFO 4860 --- [    Test worker] .b.t.c.SpringBootTestContextBootstrapper : Neither @ContextConfiguration nor @ContextHierarchy found for test class [com.kodilla.hibernate.tasklist.dao.TaskListDaoTestSuite], using SpringBootContextLoader
2020-07-09 22:15:57.814  INFO 4860 --- [    Test worker] o.s.t.c.support.AbstractContextLoader    : Could not detect default resource locations for test class [com.kodilla.hibernate.tasklist.dao.TaskListDaoTestSuite]: no resource found for suffixes {-context.xml, Context.groovy}.
2020-07-09 22:15:57.814  INFO 4860 --- [    Test worker] t.c.s.AnnotationConfigContextLoaderUtils : Could not detect default configuration classes for test class [com.kodilla.hibernate.tasklist.dao.TaskListDaoTestSuite]: TaskListDaoTestSuite does not declare any static, non-private, non-final, nested classes annotated with @Configuration.
2020-07-09 22:15:57.819  INFO 4860 --- [    Test worker] .b.t.c.SpringBootTestContextBootstrapper : Found @SpringBootConfiguration com.kodilla.hibernate.KodillaHibernateApplication for test class com.kodilla.hibernate.tasklist.dao.TaskListDaoTestSuite
2020-07-09 22:15:57.824  INFO 4860 --- [    Test worker] .b.t.c.SpringBootTestContextBootstrapper : Loaded default TestExecutionListener class names from location [META-INF/spring.factories]: [org.springframework.boot.test.autoconfigure.restdocs.RestDocsTestExecutionListener, org.springframework.boot.test.autoconfigure.web.client.MockRestServiceServerResetTestExecutionListener, org.springframework.boot.test.autoconfigure.web.servlet.MockMvcPrintOnlyOnFailureTestExecutionListener, org.springframework.boot.test.autoconfigure.web.servlet.WebDriverTestExecutionListener, org.springframework.boot.test.mock.mockito.MockitoTestExecutionListener, org.springframework.boot.test.mock.mockito.ResetMocksTestExecutionListener, org.springframework.test.context.web.ServletTestExecutionListener, org.springframework.test.context.support.DirtiesContextBeforeModesTestExecutionListener, org.springframework.test.context.support.DependencyInjectionTestExecutionListener, org.springframework.test.context.support.DirtiesContextTestExecutionListener, org.springframework.test.context.transaction.TransactionalTestExecutionListener, org.springframework.test.context.jdbc.SqlScriptsTestExecutionListener, org.springframework.test.context.event.EventPublishingTestExecutionListener]
2020-07-09 22:15:57.824  INFO 4860 --- [    Test worker] .b.t.c.SpringBootTestContextBootstrapper : Using TestExecutionListeners: [org.springframework.test.context.support.DirtiesContextBeforeModesTestExecutionListener@2d4c8434, org.springframework.boot.test.mock.mockito.MockitoTestExecutionListener@3c7f4144, org.springframework.boot.test.autoconfigure.SpringBootDependencyInjectionTestExecutionListener@6f680a65, org.springframework.test.context.support.DirtiesContextTestExecutionListener@6d635214, org.springframework.test.context.transaction.TransactionalTestExecutionListener@244716a8, org.springframework.test.context.jdbc.SqlScriptsTestExecutionListener@62f40605, org.springframework.test.context.event.EventPublishingTestExecutionListener@4d60031c, org.springframework.boot.test.autoconfigure.restdocs.RestDocsTestExecutionListener@3ae40b56, org.springframework.boot.test.autoconfigure.web.client.MockRestServiceServerResetTestExecutionListener@260aa8f4, org.springframework.boot.test.autoconfigure.web.servlet.MockMvcPrintOnlyOnFailureTestExecutionListener@648c461e, org.springframework.boot.test.autoconfigure.web.servlet.WebDriverTestExecutionListener@29b9d170, org.springframework.boot.test.mock.mockito.ResetMocksTestExecutionListener@331dd1aa]
Hibernate: select next_val as id_val from hibernate_sequence for update
Hibernate: update hibernate_sequence set next_val= ? where next_val=?
Hibernate: select next_val as id_val from hibernate_sequence for update
Hibernate: update hibernate_sequence set next_val= ? where next_val=?
Hibernate: select next_val as id_val from hibernate_sequence for update
Hibernate: update hibernate_sequence set next_val= ? where next_val=?
Hibernate: select next_val as id_val from hibernate_sequence for update
Hibernate: update hibernate_sequence set next_val= ? where next_val=?
Hibernate: select next_val as id_val from hibernate_sequence for update
Hibernate: update hibernate_sequence set next_val= ? where next_val=?
Hibernate: select next_val as id_val from hibernate_sequence for update
Hibernate: update hibernate_sequence set next_val= ? where next_val=?
Hibernate: select next_val as id_val from hibernate_sequence for update
Hibernate: update hibernate_sequence set next_val= ? where next_val=?
Hibernate: select next_val as id_val from hibernate_sequence for update
Hibernate: update hibernate_sequence set next_val= ? where next_val=?
Hibernate: select next_val as id_val from hibernate_sequence for update
Hibernate: update hibernate_sequence set next_val= ? where next_val=?
Hibernate: insert into tasklist (description, listname, id) values (?, ?, ?)
Hibernate: insert into task_financial (paid, price, id) values (?, ?, ?)
Hibernate: insert into tasks (created, description, duration, tasks_financiali_id, tasklist_id, id) values (?, ?, ?, ?, ?, ?)
Hibernate: insert into task_financial (paid, price, id) values (?, ?, ?)
Hibernate: insert into tasks (created, description, duration, tasks_financiali_id, tasklist_id, id) values (?, ?, ?, ?, ?, ?)
Hibernate: insert into task_financial (paid, price, id) values (?, ?, ?)
Hibernate: insert into tasks (created, description, duration, tasks_financiali_id, tasklist_id, id) values (?, ?, ?, ?, ?, ?)
Hibernate: insert into task_financial (paid, price, id) values (?, ?, ?)
Hibernate: insert into tasks (created, description, duration, tasks_financiali_id, tasklist_id, id) values (?, ?, ?, ?, ?, ?)
Hibernate: select task0_.id as id1_8_, task0_.created as created2_8_, task0_.description as descript3_8_, task0_.duration as duration4_8_, task0_.tasks_financiali_id as tasks_fi5_8_, task0_.tasklist_id as tasklist6_8_ from tasks task0_ where task0_.duration>10
Hibernate: select taskfinanc0_.id as id1_6_0_, taskfinanc0_.paid as paid2_6_0_, taskfinanc0_.price as price3_6_0_ from task_financial taskfinanc0_ where taskfinanc0_.id=?
Hibernate: select tasklist0_.id as id1_7_0_, tasklist0_.description as descript2_7_0_, tasklist0_.listname as listname3_7_0_ from tasklist tasklist0_ where tasklist0_.id=?
Hibernate: select task0_.id as id1_8_, task0_.created as created2_8_, task0_.description as descript3_8_, task0_.duration as duration4_8_, task0_.tasks_financiali_id as tasks_fi5_8_, task0_.tasklist_id as tasklist6_8_ from tasks task0_ where task0_.duration<=10
Hibernate: select taskfinanc0_.id as id1_6_0_, taskfinanc0_.paid as paid2_6_0_, taskfinanc0_.price as price3_6_0_ from task_financial taskfinanc0_ where taskfinanc0_.id=?
Hibernate: select tasklist0_.id as id1_7_0_, tasklist0_.description as descript2_7_0_, tasklist0_.listname as listname3_7_0_ from tasklist tasklist0_ where tasklist0_.id=?
Hibernate: select taskfinanc0_.id as id1_6_0_, taskfinanc0_.paid as paid2_6_0_, taskfinanc0_.price as price3_6_0_ from task_financial taskfinanc0_ where taskfinanc0_.id=?
Hibernate: select taskfinanc0_.id as id1_6_0_, taskfinanc0_.paid as paid2_6_0_, taskfinanc0_.price as price3_6_0_ from task_financial taskfinanc0_ where taskfinanc0_.id=?
Hibernate: SELECT * FROM TASKS WHERE DATEDIFF(DATE_ADD(CREATED, INTERVAL DURATION DAY), NOW()) > 5
Hibernate: select taskfinanc0_.id as id1_6_0_, taskfinanc0_.paid as paid2_6_0_, taskfinanc0_.price as price3_6_0_ from task_financial taskfinanc0_ where taskfinanc0_.id=?
Hibernate: select tasklist0_.id as id1_7_0_, tasklist0_.description as descript2_7_0_, tasklist0_.listname as listname3_7_0_ from tasklist tasklist0_ where tasklist0_.id=?
Hibernate: select taskfinanc0_.id as id1_6_0_, taskfinanc0_.paid as paid2_6_0_, taskfinanc0_.price as price3_6_0_ from task_financial taskfinanc0_ where taskfinanc0_.id=?
Hibernate: select taskfinanc0_.id as id1_6_0_, taskfinanc0_.paid as paid2_6_0_, taskfinanc0_.price as price3_6_0_ from task_financial taskfinanc0_ where taskfinanc0_.id=?
Hibernate: select tasklist0_.id as id1_7_0_, tasklist0_.description as descript2_7_0_, tasklist0_.listname as listname3_7_0_ from tasklist tasklist0_ where tasklist0_.id=?
Hibernate: select tasks0_.tasklist_id as tasklist6_8_0_, tasks0_.id as id1_8_0_, tasks0_.id as id1_8_1_, tasks0_.created as created2_8_1_, tasks0_.description as descript3_8_1_, tasks0_.duration as duration4_8_1_, tasks0_.tasks_financiali_id as tasks_fi5_8_1_, tasks0_.tasklist_id as tasklist6_8_1_, taskfinanc1_.id as id1_6_2_, taskfinanc1_.paid as paid2_6_2_, taskfinanc1_.price as price3_6_2_ from tasks tasks0_ left outer join task_financial taskfinanc1_ on tasks0_.tasks_financiali_id=taskfinanc1_.id where tasks0_.tasklist_id=?
Hibernate: delete from tasks where id=?
Hibernate: delete from task_financial where id=?
Hibernate: delete from tasks where id=?
Hibernate: delete from task_financial where id=?
Hibernate: delete from tasks where id=?
Hibernate: delete from task_financial where id=?
Hibernate: delete from tasks where id=?
Hibernate: delete from task_financial where id=?
Hibernate: delete from tasklist where id=?
Hibernate: select next_val as id_val from hibernate_sequence for update
Hibernate: update hibernate_sequence set next_val= ? where next_val=?
Hibernate: select next_val as id_val from hibernate_sequence for update
Hibernate: update hibernate_sequence set next_val= ? where next_val=?
Hibernate: select next_val as id_val from hibernate_sequence for update
Hibernate: update hibernate_sequence set next_val= ? where next_val=?
Hibernate: select next_val as id_val from hibernate_sequence for update
Hibernate: update hibernate_sequence set next_val= ? where next_val=?
Hibernate: select next_val as id_val from hibernate_sequence for update
Hibernate: update hibernate_sequence set next_val= ? where next_val=?
Hibernate: insert into tasklist (description, listname, id) values (?, ?, ?)
Hibernate: insert into task_financial (paid, price, id) values (?, ?, ?)
Hibernate: insert into tasks (created, description, duration, tasks_financiali_id, tasklist_id, id) values (?, ?, ?, ?, ?, ?)
Hibernate: insert into task_financial (paid, price, id) values (?, ?, ?)
Hibernate: insert into tasks (created, description, duration, tasks_financiali_id, tasklist_id, id) values (?, ?, ?, ?, ?, ?)
Hibernate: select tasklist0_.id as id1_7_0_, tasklist0_.description as descript2_7_0_, tasklist0_.listname as listname3_7_0_ from tasklist tasklist0_ where tasklist0_.id=?
Hibernate: select tasks0_.tasklist_id as tasklist6_8_0_, tasks0_.id as id1_8_0_, tasks0_.id as id1_8_1_, tasks0_.created as created2_8_1_, tasks0_.description as descript3_8_1_, tasks0_.duration as duration4_8_1_, tasks0_.tasks_financiali_id as tasks_fi5_8_1_, tasks0_.tasklist_id as tasklist6_8_1_, taskfinanc1_.id as id1_6_2_, taskfinanc1_.paid as paid2_6_2_, taskfinanc1_.price as price3_6_2_ from tasks tasks0_ left outer join task_financial taskfinanc1_ on tasks0_.tasks_financiali_id=taskfinanc1_.id where tasks0_.tasklist_id=?
Hibernate: delete from tasks where id=?
Hibernate: delete from task_financial where id=?
Hibernate: delete from tasks where id=?
Hibernate: delete from task_financial where id=?
Hibernate: delete from tasklist where id=?
Hibernate: select next_val as id_val from hibernate_sequence for update
Hibernate: update hibernate_sequence set next_val= ? where next_val=?
Hibernate: insert into tasklist (description, listname, id) values (?, ?, ?)
Hibernate: select tasklist0_.id as id1_7_, tasklist0_.description as descript2_7_, tasklist0_.listname as listname3_7_ from tasklist tasklist0_ where tasklist0_.listname=?
Hibernate: select tasklist0_.id as id1_7_0_, tasklist0_.description as descript2_7_0_, tasklist0_.listname as listname3_7_0_ from tasklist tasklist0_ where tasklist0_.id=?
Hibernate: select tasks0_.tasklist_id as tasklist6_8_0_, tasks0_.id as id1_8_0_, tasks0_.id as id1_8_1_, tasks0_.created as created2_8_1_, tasks0_.description as descript3_8_1_, tasks0_.duration as duration4_8_1_, tasks0_.tasks_financiali_id as tasks_fi5_8_1_, tasks0_.tasklist_id as tasklist6_8_1_, taskfinanc1_.id as id1_6_2_, taskfinanc1_.paid as paid2_6_2_, taskfinanc1_.price as price3_6_2_ from tasks tasks0_ left outer join task_financial taskfinanc1_ on tasks0_.tasks_financiali_id=taskfinanc1_.id where tasks0_.tasklist_id=?
Hibernate: delete from tasklist where id=?
]]></system-out>
  <system-err><![CDATA[]]></system-err>
</testsuite>
