<?xml version="1.0" encoding="UTF-8"?>
<testsuite name="com.kodilla.patterns.strategy.social.UserTestSuite" tests="2" skipped="0" failures="0" errors="0" timestamp="2020-04-28T20:03:49" hostname="Fordon" time="0.001">
  <properties/>
  <testcase name="testDefaultSharingStrategies" classname="com.kodilla.patterns.strategy.social.UserTestSuite" time="0.001"/>
  <testcase name="testIndividualSharingStrategy" classname="com.kodilla.patterns.strategy.social.UserTestSuite" time="0.0"/>
  <system-out><![CDATA[Zdzich should used [Facebook user] User use facebook
Jach should used [Twitter user] User use Twitter
Wladuch should used [Snapchat user] User use Snapchat
Wladuch should used [Snapchat user] User use Snapchat
Wladuch should used [Facebook user] User use facebook
]]></system-out>
  <system-err><![CDATA[]]></system-err>
</testsuite>
