<?xml version="1.0" encoding="UTF-8"?>
<testsuite name="com.kodilla.patterns.singleton.LoggerTestSuite" tests="1" skipped="0" failures="0" errors="0" timestamp="2020-04-28T20:03:49" hostname="Fordon" time="0.0">
  <properties/>
  <testcase name="testGetLastLog" classname="com.kodilla.patterns.singleton.LoggerTestSuite" time="0.0"/>
  <system-out><![CDATA[Log: [Zdzich]
]]></system-out>
  <system-err><![CDATA[]]></system-err>
</testsuite>
