<?xml version="1.0" encoding="UTF-8"?>
<testsuite name="com.kodilla.intro.shape.DrawerTestSuite" tests="2" skipped="0" failures="0" errors="0" timestamp="2020-04-29T19:26:21" hostname="Fordon" time="0.003">
  <properties/>
  <testcase name="testDoDrawingWithTriangle" classname="com.kodilla.intro.shape.DrawerTestSuite" time="0.002"/>
  <testcase name="testDoDrawingWithCircle" classname="com.kodilla.intro.shape.DrawerTestSuite" time="0.001"/>
  <system-out><![CDATA[This is a triangle
This is a circle
]]></system-out>
  <system-err><![CDATA[]]></system-err>
</testsuite>
