<?xml version="1.0" encoding="UTF-8"?>
<testsuite name="com.kodilla.jdbc.DbManagerTestSuite" tests="1" skipped="0" failures="0" errors="0" timestamp="2020-05-06T19:23:58" hostname="Fordon" time="0.175">
  <properties/>
  <testcase name="testSelectUsersAndPosts" classname="com.kodilla.jdbc.DbManagerTestSuite" time="0.175"/>
  <system-out><![CDATA[John, Smith
]]></system-out>
  <system-err><![CDATA[]]></system-err>
</testsuite>
